<?xml version="1.0" encoding="UTF-8"?>
<!-- Generated by org.testng.reporters.JUnitReportReporter -->
<testsuite hostname="sankar" failures="0" tests="1" name="testcases.LoginTest" time="19.228" errors="0" timestamp="2024-07-08T22:04:14 IST" skipped="0">
  <testcase classname="testcases.LoginTest" name="testValidLogin" time="19.228"/>
</testsuite> <!-- testcases.LoginTest -->
